
> flappy-base@1.0.0 build
> next build

   â–˛ Next.js 15.5.19
   - Environments: .env.local

   Creating an optimized production build ...
 âš  Compiled with warnings in 23.8s

./node_modules/@metamask/sdk/dist/browser/es/metamask-sdk.js
Module not found: Can't resolve '@react-native-async-storage/async-storage' in 'C:\Users\Asif\game\node_modules\@metamask\sdk\dist\browser\es'

Import trace for requested module:
./node_modules/@metamask/sdk/dist/browser/es/metamask-sdk.js
./node_modules/@wagmi/connectors/dist/esm/metaMask.js
./node_modules/@wagmi/connectors/dist/esm/exports/index.js
./node_modules/wagmi/dist/esm/exports/connectors.js
./app/providers.tsx

./node_modules/pino/lib/tools.js
Module not found: Can't resolve 'pino-pretty' in 'C:\Users\Asif\game\node_modules\pino\lib'

Import trace for requested module:
./node_modules/pino/lib/tools.js
./node_modules/pino/pino.js
./node_modules/@walletconnect/logger/dist/index.es.js
./node_modules/@walletconnect/universal-provider/dist/index.es.js
./node_modules/@walletconnect/ethereum-provider/dist/index.es.js
./node_modules/@wagmi/connectors/dist/esm/walletConnect.js
./node_modules/@wagmi/connectors/dist/esm/exports/index.js
./node_modules/wagmi/dist/esm/exports/connectors.js
./app/providers.tsx

 âš  Compiled with warnings in 19.1s

./node_modules/@metamask/sdk/dist/browser/es/metamask-sdk.js
Module not found: Can't resolve '@react-native-async-storage/async-storage' in 'C:\Users\Asif\game\node_modules\@metamask\sdk\dist\browser\es'

Import trace for requested module:
./node_modules/@metamask/sdk/dist/browser/es/metamask-sdk.js
./node_modules/@wagmi/connectors/dist/esm/metaMask.js
./node_modules/@wagmi/connectors/dist/esm/exports/index.js
./node_modules/wagmi/dist/esm/exports/connectors.js
./app/providers.tsx

 âś“ Compiled successfully in 43s
   Linting and checking validity of types ...
Failed to compile.

./app/providers.tsx:55:11
Type error: Type '{ children: ReactNode; projectId: string | undefined; notificationProxyUrl: string; }' is not assignable to type 'IntrinsicAttributes & MiniKitOptions & { children?: ReactNode; }'.
  Property 'projectId' does not exist on type 'IntrinsicAttributes & MiniKitOptions & { children?: ReactNode; }'.

[0m [90m 53 |[39m       [33m<[39m[33mQueryClientProvider[39m client[33m=[39m{queryClient}[33m>[39m
 [90m 54 |[39m         [33m<[39m[33mMiniKitProvider[39m
[31m[1m>[22m[39m[90m 55 |[39m           projectId[33m=[39m{process[33m.[39menv[33m.[39m[33mNEXT_PUBLIC_CDP_PROJECT_ID[39m}
 [90m    |[39m           [31m[1m^[22m[39m
 [90m 56 |[39m           notificationProxyUrl[33m=[39m[32m"/api/notification"[39m
 [90m 57 |[39m         [33m>[39m
 [90m 58 |[39m           {children}[0m
Next.js build worker exited with code: 1 and signal: null
